# JRE version: OpenJDK Runtime Environment (17.0.10) (build 17.0.10+0--11609105)
# Java VM: OpenJDK 64-Bit Server VM (17.0.10+0--11609105, mixed mode, tiered, compressed oops, compressed class ptrs, g1 gc, windows-amd64)
GC Precious Log:
 CPUs: 8 total, 8 available
 Memory: 16273M
 Large Page Support: Disabled
 NUMA Support: Disabled
 Compressed Oops: Enabled (32-bit)
 Heap Region Size: 1M
 Heap Min Capacity: 8M
 Heap Initial Capacity: 256M
 Heap Max Capacity: 2G
 Pre-touch: Disabled
 Parallel Workers: 8
 Concurrent Workers: 2
 Concurrent Refinement Workers: 8
 Periodic GC: Disabled
Heap:
 garbage-first heap   total 210944K, used 76100K [0x0000000080000000, 0x0000000100000000)
  region size 1024K, 3 young (3072K), 3 survivors (3072K)
 Metaspace       used 59924K, committed 60544K, reserved 1114112K
  class space    used 8219K, committed 8512K, reserved 1048576K
GC Heap History (20 events):
Event: 5.635 GC heap after
{Heap after GC invocations=13 (full 0):
 garbage-first heap   total 105472K, used 46552K [0x0000000080000000, 0x0000000100000000)
  region size 1024K, 5 young (5120K), 5 survivors (5120K)
 Metaspace       used 44659K, committed 45120K, reserved 1114112K
  class space    used 6029K, committed 6272K, reserved 1048576K
}
Event: 6.167 GC heap before
{Heap before GC invocations=13 (full 0):
 garbage-first heap   total 105472K, used 83416K [0x0000000080000000, 0x0000000100000000)
  region size 1024K, 36 young (36864K), 5 survivors (5120K)
 Metaspace       used 48642K, committed 49088K, reserved 1114112K
  class space    used 6520K, committed 6720K, reserved 1048576K
}
Event: 6.172 GC heap after
{Heap after GC invocations=14 (full 0):
 garbage-first heap   total 105472K, used 49396K [0x0000000080000000, 0x0000000100000000)
  region size 1024K, 3 young (3072K), 3 survivors (3072K)
 Metaspace       used 48642K, committed 49088K, reserved 1114112K
  class space    used 6520K, committed 6720K, reserved 1048576K
}
Event: 6.469 GC heap before
{Heap before GC invocations=14 (full 0):
 garbage-first heap   total 105472K, used 66804K [0x0000000080000000, 0x0000000100000000)
  region size 1024K, 21 young (21504K), 3 survivors (3072K)
 Metaspace       used 50206K, committed 50688K, reserved 1114112K
  class space    used 6784K, committed 6976K, reserved 1048576K
}
Event: 6.472 GC heap after
{Heap after GC invocations=15 (full 0):
 garbage-first heap   total 105472K, used 51881K [0x0000000080000000, 0x0000000100000000)
  region size 1024K, 5 young (5120K), 5 survivors (5120K)
 Metaspace       used 50206K, committed 50688K, reserved 1114112K
  class space    used 6784K, committed 6976K, reserved 1048576K
}
Event: 6.479 GC heap before
{Heap before GC invocations=15 (full 0):
 garbage-first heap   total 105472K, used 54953K [0x0000000080000000, 0x0000000100000000)
  region size 1024K, 6 young (6144K), 5 survivors (5120K)
 Metaspace       used 50206K, committed 50688K, reserved 1114112K
  class space    used 6784K, committed 6976K, reserved 1048576K
}
Event: 6.482 GC heap after
{Heap after GC invocations=16 (full 0):
 garbage-first heap   total 126976K, used 55621K [0x0000000080000000, 0x0000000100000000)
  region size 1024K, 1 young (1024K), 1 survivors (1024K)
 Metaspace       used 50206K, committed 50688K, reserved 1114112K
  class space    used 6784K, committed 6976K, reserved 1048576K
}
Event: 6.566 GC heap before
{Heap before GC invocations=16 (full 0):
 garbage-first heap   total 126976K, used 65861K [0x0000000080000000, 0x0000000100000000)
  region size 1024K, 7 young (7168K), 1 survivors (1024K)
 Metaspace       used 50490K, committed 50944K, reserved 1114112K
  class space    used 6832K, committed 7040K, reserved 1048576K
}
Event: 6.568 GC heap after
{Heap after GC invocations=17 (full 0):
 garbage-first heap   total 126976K, used 61791K [0x0000000080000000, 0x0000000100000000)
  region size 1024K, 2 young (2048K), 2 survivors (2048K)
 Metaspace       used 50490K, committed 50944K, reserved 1114112K
  class space    used 6832K, committed 7040K, reserved 1048576K
}
Event: 6.924 GC heap before
{Heap before GC invocations=18 (full 0):
 garbage-first heap   total 126976K, used 95583K [0x0000000080000000, 0x0000000100000000)
  region size 1024K, 29 young (29696K), 2 survivors (2048K)
 Metaspace       used 52658K, committed 53184K, reserved 1114112K
  class space    used 7025K, committed 7232K, reserved 1048576K
}
Event: 6.928 GC heap after
{Heap after GC invocations=19 (full 0):
 garbage-first heap   total 126976K, used 70017K [0x0000000080000000, 0x0000000100000000)
  region size 1024K, 4 young (4096K), 4 survivors (4096K)
 Metaspace       used 52658K, committed 53184K, reserved 1114112K
  class space    used 7025K, committed 7232K, reserved 1048576K
}
Event: 6.971 GC heap before
{Heap before GC invocations=19 (full 0):
 garbage-first heap   total 126976K, used 71041K [0x0000000080000000, 0x0000000100000000)
  region size 1024K, 6 young (6144K), 4 survivors (4096K)
 Metaspace       used 52835K, committed 53376K, reserved 1114112K
  class space    used 7071K, committed 7296K, reserved 1048576K
}
Event: 6.975 GC heap after
{Heap after GC invocations=20 (full 0):
 garbage-first heap   total 126976K, used 70059K [0x0000000080000000, 0x0000000100000000)
  region size 1024K, 1 young (1024K), 1 survivors (1024K)
 Metaspace       used 52835K, committed 53376K, reserved 1114112K
  class space    used 7071K, committed 7296K, reserved 1048576K
}
Event: 7.305 GC heap before
{Heap before GC invocations=20 (full 0):
 garbage-first heap   total 126976K, used 94635K [0x0000000080000000, 0x0000000100000000)
  region size 1024K, 25 young (25600K), 1 survivors (1024K)
 Metaspace       used 55236K, committed 55744K, reserved 1114112K
  class space    used 7465K, committed 7680K, reserved 1048576K
}
Event: 7.308 GC heap after
{Heap after GC invocations=21 (full 0):
 garbage-first heap   total 126976K, used 71842K [0x0000000080000000, 0x0000000100000000)
  region size 1024K, 3 young (3072K), 3 survivors (3072K)
 Metaspace       used 55236K, committed 55744K, reserved 1114112K
  class space    used 7465K, committed 7680K, reserved 1048576K
}
Event: 7.857 GC heap before
{Heap before GC invocations=22 (full 0):
 garbage-first heap   total 126976K, used 95394K [0x0000000080000000, 0x0000000100000000)
  region size 1024K, 27 young (27648K), 3 survivors (3072K)
 Metaspace       used 57587K, committed 58112K, reserved 1114112K
  class space    used 7855K, committed 8128K, reserved 1048576K
}
Event: 7.862 GC heap after
{Heap after GC invocations=23 (full 0):
 garbage-first heap   total 126976K, used 73763K [0x0000000080000000, 0x0000000100000000)
  region size 1024K, 4 young (4096K), 4 survivors (4096K)
 Metaspace       used 57587K, committed 58112K, reserved 1114112K
  class space    used 7855K, committed 8128K, reserved 1048576K
}
Event: 7.895 GC heap before
{Heap before GC invocations=23 (full 0):
 garbage-first heap   total 126976K, used 75811K [0x0000000080000000, 0x0000000100000000)
  region size 1024K, 6 young (6144K), 4 survivors (4096K)
 Metaspace       used 57801K, committed 58368K, reserved 1114112K
  class space    used 7907K, committed 8192K, reserved 1048576K
}
Event: 7.899 GC heap after
{Heap after GC invocations=24 (full 0):
 garbage-first heap   total 126976K, used 74017K [0x0000000080000000, 0x0000000100000000)
  region size 1024K, 1 young (1024K), 1 survivors (1024K)
 Metaspace       used 57801K, committed 58368K, reserved 1114112K
  class space    used 7907K, committed 8192K, reserved 1048576K
}
Event: 8.387 GC heap before
{Heap before GC invocations=24 (full 0):
 garbage-first heap   total 126976K, used 99617K [0x0000000080000000, 0x0000000100000000)
  region size 1024K, 26 young (26624K), 1 survivors (1024K)
 Metaspace       used 59924K, committed 60544K, reserved 1114112K
  class space    used 8219K, committed 8512K, reserved 1048576K
}

