# JRE version: OpenJDK Runtime Environment (17.0.10) (build 17.0.10+0--11609105)
# Java VM: OpenJDK 64-Bit Server VM (17.0.10+0--11609105, mixed mode, tiered, compressed oops, compressed class ptrs, g1 gc, windows-amd64)
GC Precious Log:
 CPUs: 8 total, 8 available
 Memory: 16273M
 Large Page Support: Disabled
 NUMA Support: Disabled
 Compressed Oops: Enabled (32-bit)
 Heap Region Size: 1M
 Heap Min Capacity: 8M
 Heap Initial Capacity: 256M
 Heap Max Capacity: 2G
 Pre-touch: Disabled
 Parallel Workers: 8
 Concurrent Workers: 2
 Concurrent Refinement Workers: 8
 Periodic GC: Disabled
Heap:
 garbage-first heap   total 236544K, used 179743K [0x0000000080000000, 0x0000000100000000)
  region size 1024K, 78 young (79872K), 6 survivors (6144K)
 Metaspace       used 94209K, committed 95040K, reserved 1179648K
  class space    used 13101K, committed 13504K, reserved 1048576K
GC Heap History (20 events):
Event: 6.373 GC heap before
{Heap before GC invocations=23 (full 0):
 garbage-first heap   total 104448K, used 70480K [0x0000000080000000, 0x0000000100000000)
  region size 1024K, 5 young (5120K), 4 survivors (4096K)
 Metaspace       used 52542K, committed 52992K, reserved 1114112K
  class space    used 7020K, committed 7232K, reserved 1048576K
}
Event: 6.376 GC heap after
{Heap after GC invocations=24 (full 0):
 garbage-first heap   total 104448K, used 69084K [0x0000000080000000, 0x0000000100000000)
  region size 1024K, 1 young (1024K), 1 survivors (1024K)
 Metaspace       used 52542K, committed 52992K, reserved 1114112K
  class space    used 7020K, committed 7232K, reserved 1048576K
}
Event: 6.554 GC heap before
{Heap before GC invocations=24 (full 0):
 garbage-first heap   total 104448K, used 85468K [0x0000000080000000, 0x0000000100000000)
  region size 1024K, 17 young (17408K), 1 survivors (1024K)
 Metaspace       used 53002K, committed 53504K, reserved 1114112K
  class space    used 7099K, committed 7296K, reserved 1048576K
}
Event: 6.557 GC heap after
{Heap after GC invocations=25 (full 0):
 garbage-first heap   total 104448K, used 70601K [0x0000000080000000, 0x0000000100000000)
  region size 1024K, 2 young (2048K), 2 survivors (2048K)
 Metaspace       used 53002K, committed 53504K, reserved 1114112K
  class space    used 7099K, committed 7296K, reserved 1048576K
}
Event: 6.788 GC heap before
{Heap before GC invocations=26 (full 0):
 garbage-first heap   total 124928K, used 85961K [0x0000000080000000, 0x0000000100000000)
  region size 1024K, 17 young (17408K), 2 survivors (2048K)
 Metaspace       used 54497K, committed 55040K, reserved 1114112K
  class space    used 7340K, committed 7552K, reserved 1048576K
}
Event: 6.792 GC heap after
{Heap after GC invocations=27 (full 0):
 garbage-first heap   total 124928K, used 71874K [0x0000000080000000, 0x0000000100000000)
  region size 1024K, 2 young (2048K), 2 survivors (2048K)
 Metaspace       used 54497K, committed 55040K, reserved 1114112K
  class space    used 7340K, committed 7552K, reserved 1048576K
}
Event: 6.852 GC heap before
{Heap before GC invocations=27 (full 0):
 garbage-first heap   total 124928K, used 75970K [0x0000000080000000, 0x0000000100000000)
  region size 1024K, 6 young (6144K), 2 survivors (2048K)
 Metaspace       used 55219K, committed 55808K, reserved 1114112K
  class space    used 7472K, committed 7744K, reserved 1048576K
}
Event: 6.854 GC heap after
{Heap after GC invocations=28 (full 0):
 garbage-first heap   total 124928K, used 72339K [0x0000000080000000, 0x0000000100000000)
  region size 1024K, 1 young (1024K), 1 survivors (1024K)
 Metaspace       used 55219K, committed 55808K, reserved 1114112K
  class space    used 7472K, committed 7744K, reserved 1048576K
}
Event: 7.224 GC heap before
{Heap before GC invocations=28 (full 0):
 garbage-first heap   total 124928K, used 96915K [0x0000000080000000, 0x0000000100000000)
  region size 1024K, 26 young (26624K), 1 survivors (1024K)
 Metaspace       used 57697K, committed 58304K, reserved 1114112K
  class space    used 7897K, committed 8192K, reserved 1048576K
}
Event: 7.228 GC heap after
{Heap after GC invocations=29 (full 0):
 garbage-first heap   total 236544K, used 74140K [0x0000000080000000, 0x0000000100000000)
  region size 1024K, 3 young (3072K), 3 survivors (3072K)
 Metaspace       used 57697K, committed 58304K, reserved 1114112K
  class space    used 7897K, committed 8192K, reserved 1048576K
}
Event: 8.207 GC heap before
{Heap before GC invocations=30 (full 0):
 garbage-first heap   total 236544K, used 160156K [0x0000000080000000, 0x0000000100000000)
  region size 1024K, 87 young (89088K), 3 survivors (3072K)
 Metaspace       used 60980K, committed 61632K, reserved 1114112K
  class space    used 8355K, committed 8640K, reserved 1048576K
}
Event: 8.215 GC heap after
{Heap after GC invocations=31 (full 0):
 garbage-first heap   total 236544K, used 80459K [0x0000000080000000, 0x0000000100000000)
  region size 1024K, 9 young (9216K), 9 survivors (9216K)
 Metaspace       used 60980K, committed 61632K, reserved 1114112K
  class space    used 8355K, committed 8640K, reserved 1048576K
}
Event: 8.233 GC heap before
{Heap before GC invocations=31 (full 0):
 garbage-first heap   total 236544K, used 82507K [0x0000000080000000, 0x0000000100000000)
  region size 1024K, 11 young (11264K), 9 survivors (9216K)
 Metaspace       used 61019K, committed 61696K, reserved 1114112K
  class space    used 8360K, committed 8640K, reserved 1048576K
}
Event: 8.240 GC heap after
{Heap after GC invocations=32 (full 0):
 garbage-first heap   total 236544K, used 80996K [0x0000000080000000, 0x0000000100000000)
  region size 1024K, 2 young (2048K), 2 survivors (2048K)
 Metaspace       used 61019K, committed 61696K, reserved 1114112K
  class space    used 8360K, committed 8640K, reserved 1048576K
}
Event: 9.110 GC heap before
{Heap before GC invocations=32 (full 0):
 garbage-first heap   total 236544K, used 179300K [0x0000000080000000, 0x0000000100000000)
  region size 1024K, 92 young (94208K), 2 survivors (2048K)
 Metaspace       used 68562K, committed 69312K, reserved 1114112K
  class space    used 9226K, committed 9600K, reserved 1048576K
}
Event: 9.114 GC heap after
{Heap after GC invocations=33 (full 0):
 garbage-first heap   total 236544K, used 93694K [0x0000000080000000, 0x0000000100000000)
  region size 1024K, 8 young (8192K), 8 survivors (8192K)
 Metaspace       used 68562K, committed 69312K, reserved 1114112K
  class space    used 9226K, committed 9600K, reserved 1048576K
}
Event: 10.074 GC heap before
{Heap before GC invocations=33 (full 0):
 garbage-first heap   total 236544K, used 183806K [0x0000000080000000, 0x0000000100000000)
  region size 1024K, 91 young (93184K), 8 survivors (8192K)
 Metaspace       used 75456K, committed 76224K, reserved 1179648K
  class space    used 10169K, committed 10496K, reserved 1048576K
}
Event: 10.080 GC heap after
{Heap after GC invocations=34 (full 0):
 garbage-first heap   total 236544K, used 101781K [0x0000000080000000, 0x0000000100000000)
  region size 1024K, 7 young (7168K), 7 survivors (7168K)
 Metaspace       used 75456K, committed 76224K, reserved 1179648K
  class space    used 10169K, committed 10496K, reserved 1048576K
}
Event: 10.987 GC heap before
{Heap before GC invocations=34 (full 0):
 garbage-first heap   total 236544K, used 184725K [0x0000000080000000, 0x0000000100000000)
  region size 1024K, 88 young (90112K), 7 survivors (7168K)
 Metaspace       used 82648K, committed 83392K, reserved 1179648K
  class space    used 11175K, committed 11520K, reserved 1048576K
}
Event: 10.993 GC heap after
{Heap after GC invocations=35 (full 0):
 garbage-first heap   total 236544K, used 107039K [0x0000000080000000, 0x0000000100000000)
  region size 1024K, 6 young (6144K), 6 survivors (6144K)
 Metaspace       used 82648K, committed 83392K, reserved 1179648K
  class space    used 11175K, committed 11520K, reserved 1048576K
}

