# JRE version: OpenJDK Runtime Environment (17.0.10) (build 17.0.10+0--11609105)
# Java VM: OpenJDK 64-Bit Server VM (17.0.10+0--11609105, mixed mode, tiered, compressed oops, compressed class ptrs, g1 gc, windows-amd64)
GC Precious Log:
 CPUs: 8 total, 8 available
 Memory: 16273M
 Large Page Support: Disabled
 NUMA Support: Disabled
 Compressed Oops: Enabled (32-bit)
 Heap Region Size: 1M
 Heap Min Capacity: 8M
 Heap Initial Capacity: 256M
 Heap Max Capacity: 2G
 Pre-touch: Disabled
 Parallel Workers: 8
 Concurrent Workers: 2
 Concurrent Refinement Workers: 8
 Periodic GC: Disabled
Heap:
 garbage-first heap   total 440320K, used 367309K [0x0000000080000000, 0x0000000100000000)
  region size 1024K, 3 young (3072K), 3 survivors (3072K)
 Metaspace       used 150584K, committed 151808K, reserved 1245184K
  class space    used 19760K, committed 20352K, reserved 1048576K
GC Heap History (20 events):
Event: 2190.942 GC heap after
{Heap after GC invocations=90 (full 0):
 garbage-first heap   total 370688K, used 301757K [0x0000000080000000, 0x0000000100000000)
  region size 1024K, 5 young (5120K), 5 survivors (5120K)
 Metaspace       used 146027K, committed 147264K, reserved 1179648K
  class space    used 19127K, committed 19712K, reserved 1048576K
}
Event: 2191.020 GC heap before
{Heap before GC invocations=90 (full 0):
 garbage-first heap   total 370688K, used 321213K [0x0000000080000000, 0x0000000100000000)
  region size 1024K, 25 young (25600K), 5 survivors (5120K)
 Metaspace       used 146027K, committed 147264K, reserved 1179648K
  class space    used 19127K, committed 19712K, reserved 1048576K
}
Event: 2191.023 GC heap after
{Heap after GC invocations=91 (full 0):
 garbage-first heap   total 370688K, used 308860K [0x0000000080000000, 0x0000000100000000)
  region size 1024K, 4 young (4096K), 4 survivors (4096K)
 Metaspace       used 146027K, committed 147264K, reserved 1179648K
  class space    used 19127K, committed 19712K, reserved 1048576K
}
Event: 2191.074 GC heap before
{Heap before GC invocations=91 (full 0):
 garbage-first heap   total 370688K, used 323196K [0x0000000080000000, 0x0000000100000000)
  region size 1024K, 18 young (18432K), 4 survivors (4096K)
 Metaspace       used 146027K, committed 147264K, reserved 1179648K
  class space    used 19127K, committed 19712K, reserved 1048576K
}
Event: 2191.076 GC heap after
{Heap after GC invocations=92 (full 0):
 garbage-first heap   total 370688K, used 313344K [0x0000000080000000, 0x0000000100000000)
  region size 1024K, 3 young (3072K), 3 survivors (3072K)
 Metaspace       used 146027K, committed 147264K, reserved 1179648K
  class space    used 19127K, committed 19712K, reserved 1048576K
}
Event: 2191.135 GC heap before
{Heap before GC invocations=92 (full 0):
 garbage-first heap   total 370688K, used 328704K [0x0000000080000000, 0x0000000100000000)
  region size 1024K, 18 young (18432K), 3 survivors (3072K)
 Metaspace       used 146028K, committed 147264K, reserved 1179648K
  class space    used 19127K, committed 19712K, reserved 1048576K
}
Event: 2191.137 GC heap after
{Heap after GC invocations=93 (full 0):
 garbage-first heap   total 370688K, used 318097K [0x0000000080000000, 0x0000000100000000)
  region size 1024K, 3 young (3072K), 3 survivors (3072K)
 Metaspace       used 146028K, committed 147264K, reserved 1179648K
  class space    used 19127K, committed 19712K, reserved 1048576K
}
Event: 2191.153 GC heap before
{Heap before GC invocations=93 (full 0):
 garbage-first heap   total 370688K, used 321169K [0x0000000080000000, 0x0000000100000000)
  region size 1024K, 8 young (8192K), 3 survivors (3072K)
 Metaspace       used 146028K, committed 147264K, reserved 1179648K
  class space    used 19127K, committed 19712K, reserved 1048576K
}
Event: 2191.156 GC heap after
{Heap after GC invocations=94 (full 0):
 garbage-first heap   total 440320K, used 320382K [0x0000000080000000, 0x0000000100000000)
  region size 1024K, 2 young (2048K), 2 survivors (2048K)
 Metaspace       used 146028K, committed 147264K, reserved 1179648K
  class space    used 19127K, committed 19712K, reserved 1048576K
}
Event: 2191.304 GC heap before
{Heap before GC invocations=94 (full 0):
 garbage-first heap   total 440320K, used 365438K [0x0000000080000000, 0x0000000100000000)
  region size 1024K, 45 young (46080K), 2 survivors (2048K)
 Metaspace       used 146028K, committed 147264K, reserved 1179648K
  class space    used 19127K, committed 19712K, reserved 1048576K
}
Event: 2191.307 GC heap after
{Heap after GC invocations=95 (full 0):
 garbage-first heap   total 440320K, used 331584K [0x0000000080000000, 0x0000000100000000)
  region size 1024K, 6 young (6144K), 6 survivors (6144K)
 Metaspace       used 146028K, committed 147264K, reserved 1179648K
  class space    used 19127K, committed 19712K, reserved 1048576K
}
Event: 2191.783 GC heap before
{Heap before GC invocations=95 (full 0):
 garbage-first heap   total 440320K, used 370496K [0x0000000080000000, 0x0000000100000000)
  region size 1024K, 43 young (44032K), 6 survivors (6144K)
 Metaspace       used 149997K, committed 151232K, reserved 1179648K
  class space    used 19715K, committed 20352K, reserved 1048576K
}
Event: 2191.787 GC heap after
{Heap after GC invocations=96 (full 0):
 garbage-first heap   total 440320K, used 337477K [0x0000000080000000, 0x0000000100000000)
  region size 1024K, 4 young (4096K), 4 survivors (4096K)
 Metaspace       used 149997K, committed 151232K, reserved 1179648K
  class space    used 19715K, committed 20352K, reserved 1048576K
}
Event: 2191.953 GC heap before
{Heap before GC invocations=96 (full 0):
 garbage-first heap   total 440320K, used 372293K [0x0000000080000000, 0x0000000100000000)
  region size 1024K, 39 young (39936K), 4 survivors (4096K)
 Metaspace       used 150458K, committed 151680K, reserved 1245184K
  class space    used 19758K, committed 20352K, reserved 1048576K
}
Event: 2191.962 GC heap after
{Heap after GC invocations=97 (full 0):
 garbage-first heap   total 440320K, used 347099K [0x0000000080000000, 0x0000000100000000)
  region size 1024K, 5 young (5120K), 5 survivors (5120K)
 Metaspace       used 150458K, committed 151680K, reserved 1245184K
  class space    used 19758K, committed 20352K, reserved 1048576K
}
Event: 2192.032 GC heap before
{Heap before GC invocations=97 (full 0):
 garbage-first heap   total 440320K, used 376795K [0x0000000080000000, 0x0000000100000000)
  region size 1024K, 34 young (34816K), 5 survivors (5120K)
 Metaspace       used 150543K, committed 151808K, reserved 1245184K
  class space    used 19758K, committed 20352K, reserved 1048576K
}
Event: 2192.057 GC heap after
{Heap after GC invocations=98 (full 0):
 garbage-first heap   total 440320K, used 354295K [0x0000000080000000, 0x0000000100000000)
  region size 1024K, 5 young (5120K), 5 survivors (5120K)
 Metaspace       used 150543K, committed 151808K, reserved 1245184K
  class space    used 19758K, committed 20352K, reserved 1048576K
}
Event: 2192.106 GC heap before
{Heap before GC invocations=98 (full 0):
 garbage-first heap   total 440320K, used 379895K [0x0000000080000000, 0x0000000100000000)
  region size 1024K, 30 young (30720K), 5 survivors (5120K)
 Metaspace       used 150580K, committed 151808K, reserved 1245184K
  class space    used 19760K, committed 20352K, reserved 1048576K
}
Event: 2192.116 GC heap after
{Heap after GC invocations=99 (full 0):
 garbage-first heap   total 440320K, used 361472K [0x0000000080000000, 0x0000000100000000)
  region size 1024K, 4 young (4096K), 4 survivors (4096K)
 Metaspace       used 150580K, committed 151808K, reserved 1245184K
  class space    used 19760K, committed 20352K, reserved 1048576K
}
Event: 2192.153 GC heap before
{Heap before GC invocations=99 (full 0):
 garbage-first heap   total 440320K, used 381952K [0x0000000080000000, 0x0000000100000000)
  region size 1024K, 24 young (24576K), 4 survivors (4096K)
 Metaspace       used 150584K, committed 151808K, reserved 1245184K
  class space    used 19760K, committed 20352K, reserved 1048576K
}

