# JRE version: OpenJDK Runtime Environment (17.0.10) (build 17.0.10+0--11609105)
# Java VM: OpenJDK 64-Bit Server VM (17.0.10+0--11609105, mixed mode, tiered, compressed oops, compressed class ptrs, g1 gc, windows-amd64)
GC Precious Log:
 CPUs: 8 total, 8 available
 Memory: 16273M
 Large Page Support: Disabled
 NUMA Support: Disabled
 Compressed Oops: Enabled (32-bit)
 Heap Region Size: 1M
 Heap Min Capacity: 8M
 Heap Initial Capacity: 256M
 Heap Max Capacity: 2G
 Pre-touch: Disabled
 Parallel Workers: 8
 Concurrent Workers: 2
 Concurrent Refinement Workers: 8
 Periodic GC: Disabled
Heap:
 garbage-first heap   total 273408K, used 219229K [0x0000000080000000, 0x0000000100000000)
  region size 1024K, 9 young (9216K), 3 survivors (3072K)
 Metaspace       used 161625K, committed 162496K, reserved 1245184K
  class space    used 20938K, committed 21376K, reserved 1048576K
GC Heap History (20 events):
Event: 25.742 GC heap before
{Heap before GC invocations=80 (full 0):
 garbage-first heap   total 273408K, used 235692K [0x0000000080000000, 0x0000000100000000)
  region size 1024K, 34 young (34816K), 4 survivors (4096K)
 Metaspace       used 158965K, committed 159872K, reserved 1245184K
  class space    used 20688K, committed 21120K, reserved 1048576K
}
Event: 25.745 GC heap after
{Heap after GC invocations=81 (full 0):
 garbage-first heap   total 273408K, used 205791K [0x0000000080000000, 0x0000000100000000)
  region size 1024K, 3 young (3072K), 3 survivors (3072K)
 Metaspace       used 158965K, committed 159872K, reserved 1245184K
  class space    used 20688K, committed 21120K, reserved 1048576K
}
Event: 25.889 GC heap before
{Heap before GC invocations=81 (full 0):
 garbage-first heap   total 273408K, used 237535K [0x0000000080000000, 0x0000000100000000)
  region size 1024K, 34 young (34816K), 3 survivors (3072K)
 Metaspace       used 158965K, committed 159872K, reserved 1245184K
  class space    used 20688K, committed 21120K, reserved 1048576K
}
Event: 25.892 GC heap after
{Heap after GC invocations=82 (full 0):
 garbage-first heap   total 273408K, used 206692K [0x0000000080000000, 0x0000000100000000)
  region size 1024K, 3 young (3072K), 3 survivors (3072K)
 Metaspace       used 158965K, committed 159872K, reserved 1245184K
  class space    used 20688K, committed 21120K, reserved 1048576K
}
Event: 26.020 GC heap before
{Heap before GC invocations=82 (full 0):
 garbage-first heap   total 273408K, used 238436K [0x0000000080000000, 0x0000000100000000)
  region size 1024K, 34 young (34816K), 3 survivors (3072K)
 Metaspace       used 158965K, committed 159872K, reserved 1245184K
  class space    used 20688K, committed 21120K, reserved 1048576K
}
Event: 26.023 GC heap after
{Heap after GC invocations=83 (full 0):
 garbage-first heap   total 273408K, used 207549K [0x0000000080000000, 0x0000000100000000)
  region size 1024K, 3 young (3072K), 3 survivors (3072K)
 Metaspace       used 158965K, committed 159872K, reserved 1245184K
  class space    used 20688K, committed 21120K, reserved 1048576K
}
Event: 26.201 GC heap before
{Heap before GC invocations=83 (full 0):
 garbage-first heap   total 273408K, used 238269K [0x0000000080000000, 0x0000000100000000)
  region size 1024K, 33 young (33792K), 3 survivors (3072K)
 Metaspace       used 158965K, committed 159872K, reserved 1245184K
  class space    used 20688K, committed 21120K, reserved 1048576K
}
Event: 26.204 GC heap after
{Heap after GC invocations=84 (full 0):
 garbage-first heap   total 273408K, used 208724K [0x0000000080000000, 0x0000000100000000)
  region size 1024K, 4 young (4096K), 4 survivors (4096K)
 Metaspace       used 158965K, committed 159872K, reserved 1245184K
  class space    used 20688K, committed 21120K, reserved 1048576K
}
Event: 26.347 GC heap before
{Heap before GC invocations=84 (full 0):
 garbage-first heap   total 273408K, used 237396K [0x0000000080000000, 0x0000000100000000)
  region size 1024K, 32 young (32768K), 4 survivors (4096K)
 Metaspace       used 158965K, committed 159872K, reserved 1245184K
  class space    used 20688K, committed 21120K, reserved 1048576K
}
Event: 26.350 GC heap after
{Heap after GC invocations=85 (full 0):
 garbage-first heap   total 273408K, used 210073K [0x0000000080000000, 0x0000000100000000)
  region size 1024K, 4 young (4096K), 4 survivors (4096K)
 Metaspace       used 158965K, committed 159872K, reserved 1245184K
  class space    used 20688K, committed 21120K, reserved 1048576K
}
Event: 26.450 GC heap before
{Heap before GC invocations=85 (full 0):
 garbage-first heap   total 273408K, used 236697K [0x0000000080000000, 0x0000000100000000)
  region size 1024K, 30 young (30720K), 4 survivors (4096K)
 Metaspace       used 158965K, committed 159872K, reserved 1245184K
  class space    used 20688K, committed 21120K, reserved 1048576K
}
Event: 26.453 GC heap after
{Heap after GC invocations=86 (full 0):
 garbage-first heap   total 273408K, used 210851K [0x0000000080000000, 0x0000000100000000)
  region size 1024K, 3 young (3072K), 3 survivors (3072K)
 Metaspace       used 158965K, committed 159872K, reserved 1245184K
  class space    used 20688K, committed 21120K, reserved 1048576K
}
Event: 26.596 GC heap before
{Heap before GC invocations=86 (full 0):
 garbage-first heap   total 273408K, used 237475K [0x0000000080000000, 0x0000000100000000)
  region size 1024K, 29 young (29696K), 3 survivors (3072K)
 Metaspace       used 158965K, committed 159872K, reserved 1245184K
  class space    used 20688K, committed 21120K, reserved 1048576K
}
Event: 26.599 GC heap after
{Heap after GC invocations=87 (full 0):
 garbage-first heap   total 273408K, used 211351K [0x0000000080000000, 0x0000000100000000)
  region size 1024K, 3 young (3072K), 3 survivors (3072K)
 Metaspace       used 158965K, committed 159872K, reserved 1245184K
  class space    used 20688K, committed 21120K, reserved 1048576K
}
Event: 26.744 GC heap before
{Heap before GC invocations=87 (full 0):
 garbage-first heap   total 273408K, used 237975K [0x0000000080000000, 0x0000000100000000)
  region size 1024K, 29 young (29696K), 3 survivors (3072K)
 Metaspace       used 158965K, committed 159872K, reserved 1245184K
  class space    used 20688K, committed 21120K, reserved 1048576K
}
Event: 26.747 GC heap after
{Heap after GC invocations=88 (full 0):
 garbage-first heap   total 273408K, used 212297K [0x0000000080000000, 0x0000000100000000)
  region size 1024K, 3 young (3072K), 3 survivors (3072K)
 Metaspace       used 158965K, committed 159872K, reserved 1245184K
  class space    used 20688K, committed 21120K, reserved 1048576K
}
Event: 26.878 GC heap before
{Heap before GC invocations=88 (full 0):
 garbage-first heap   total 273408K, used 236873K [0x0000000080000000, 0x0000000100000000)
  region size 1024K, 28 young (28672K), 3 survivors (3072K)
 Metaspace       used 158965K, committed 159872K, reserved 1245184K
  class space    used 20688K, committed 21120K, reserved 1048576K
}
Event: 26.881 GC heap after
{Heap after GC invocations=89 (full 0):
 garbage-first heap   total 273408K, used 213125K [0x0000000080000000, 0x0000000100000000)
  region size 1024K, 3 young (3072K), 3 survivors (3072K)
 Metaspace       used 158965K, committed 159872K, reserved 1245184K
  class space    used 20688K, committed 21120K, reserved 1048576K
}
Event: 27.039 GC heap before
{Heap before GC invocations=89 (full 0):
 garbage-first heap   total 273408K, used 229509K [0x0000000080000000, 0x0000000100000000)
  region size 1024K, 19 young (19456K), 3 survivors (3072K)
 Metaspace       used 160474K, committed 161408K, reserved 1245184K
  class space    used 20787K, committed 21248K, reserved 1048576K
}
Event: 27.043 GC heap after
{Heap after GC invocations=90 (full 0):
 garbage-first heap   total 273408K, used 215133K [0x0000000080000000, 0x0000000100000000)
  region size 1024K, 3 young (3072K), 3 survivors (3072K)
 Metaspace       used 160474K, committed 161408K, reserved 1245184K
  class space    used 20787K, committed 21248K, reserved 1048576K
}

