# JRE version: OpenJDK Runtime Environment (17.0.10) (build 17.0.10+0--11609105)
# Java VM: OpenJDK 64-Bit Server VM (17.0.10+0--11609105, mixed mode, tiered, compressed oops, compressed class ptrs, g1 gc, windows-amd64)
GC Precious Log:
 CPUs: 8 total, 8 available
 Memory: 16273M
 Large Page Support: Disabled
 NUMA Support: Disabled
 Compressed Oops: Enabled (32-bit)
 Heap Region Size: 1M
 Heap Min Capacity: 8M
 Heap Initial Capacity: 256M
 Heap Max Capacity: 2G
 Pre-touch: Disabled
 Parallel Workers: 8
 Concurrent Workers: 2
 Concurrent Refinement Workers: 8
 Periodic GC: Disabled
Heap:
 garbage-first heap   total 214016K, used 106590K [0x0000000080000000, 0x0000000100000000)
  region size 1024K, 4 young (4096K), 4 survivors (4096K)
 Metaspace       used 85481K, committed 86272K, reserved 1179648K
  class space    used 11519K, committed 11840K, reserved 1048576K
GC Heap History (20 events):
Event: 9.012 GC heap after
{Heap after GC invocations=37 (full 0):
 garbage-first heap   total 162816K, used 92233K [0x0000000080000000, 0x0000000100000000)
  region size 1024K, 1 young (1024K), 1 survivors (1024K)
 Metaspace       used 62765K, committed 63488K, reserved 1114112K
  class space    used 8580K, committed 8896K, reserved 1048576K
}
Event: 9.024 GC heap before
{Heap before GC invocations=37 (full 0):
 garbage-first heap   total 162816K, used 93257K [0x0000000080000000, 0x0000000100000000)
  region size 1024K, 3 young (3072K), 1 survivors (1024K)
 Metaspace       used 62879K, committed 63616K, reserved 1114112K
  class space    used 8588K, committed 8896K, reserved 1048576K
}
Event: 9.031 GC heap after
{Heap after GC invocations=38 (full 0):
 garbage-first heap   total 162816K, used 92030K [0x0000000080000000, 0x0000000100000000)
  region size 1024K, 1 young (1024K), 1 survivors (1024K)
 Metaspace       used 62879K, committed 63616K, reserved 1114112K
  class space    used 8588K, committed 8896K, reserved 1048576K
}
Event: 9.440 GC heap before
{Heap before GC invocations=39 (full 0):
 garbage-first heap   total 165888K, used 129918K [0x0000000080000000, 0x0000000100000000)
  region size 1024K, 38 young (38912K), 1 survivors (1024K)
 Metaspace       used 66098K, committed 66816K, reserved 1114112K
  class space    used 8969K, committed 9280K, reserved 1048576K
}
Event: 9.442 GC heap after
{Heap after GC invocations=40 (full 0):
 garbage-first heap   total 165888K, used 94158K [0x0000000080000000, 0x0000000100000000)
  region size 1024K, 2 young (2048K), 2 survivors (2048K)
 Metaspace       used 66098K, committed 66816K, reserved 1114112K
  class space    used 8969K, committed 9280K, reserved 1048576K
}
Event: 9.501 GC heap before
{Heap before GC invocations=40 (full 0):
 garbage-first heap   total 165888K, used 99278K [0x0000000080000000, 0x0000000100000000)
  region size 1024K, 8 young (8192K), 2 survivors (2048K)
 Metaspace       used 66695K, committed 67456K, reserved 1114112K
  class space    used 9036K, committed 9344K, reserved 1048576K
}
Event: 9.503 GC heap after
{Heap after GC invocations=41 (full 0):
 garbage-first heap   total 165888K, used 93749K [0x0000000080000000, 0x0000000100000000)
  region size 1024K, 1 young (1024K), 1 survivors (1024K)
 Metaspace       used 66695K, committed 67456K, reserved 1114112K
  class space    used 9036K, committed 9344K, reserved 1048576K
}
Event: 9.935 GC heap before
{Heap before GC invocations=41 (full 0):
 garbage-first heap   total 165888K, used 133685K [0x0000000080000000, 0x0000000100000000)
  region size 1024K, 40 young (40960K), 1 survivors (1024K)
 Metaspace       used 71080K, committed 71808K, reserved 1114112K
  class space    used 9575K, committed 9920K, reserved 1048576K
}
Event: 9.938 GC heap after
{Heap after GC invocations=42 (full 0):
 garbage-first heap   total 165888K, used 94890K [0x0000000080000000, 0x0000000100000000)
  region size 1024K, 2 young (2048K), 2 survivors (2048K)
 Metaspace       used 71080K, committed 71808K, reserved 1114112K
  class space    used 9575K, committed 9920K, reserved 1048576K
}
Event: 10.457 GC heap before
{Heap before GC invocations=43 (full 0):
 garbage-first heap   total 167936K, used 139946K [0x0000000080000000, 0x0000000100000000)
  region size 1024K, 41 young (41984K), 2 survivors (2048K)
 Metaspace       used 74148K, committed 74880K, reserved 1114112K
  class space    used 9990K, committed 10304K, reserved 1048576K
}
Event: 10.462 GC heap after
{Heap after GC invocations=44 (full 0):
 garbage-first heap   total 167936K, used 100308K [0x0000000080000000, 0x0000000100000000)
  region size 1024K, 6 young (6144K), 6 survivors (6144K)
 Metaspace       used 74148K, committed 74880K, reserved 1114112K
  class space    used 9990K, committed 10304K, reserved 1048576K
}
Event: 10.487 GC heap before
{Heap before GC invocations=44 (full 0):
 garbage-first heap   total 167936K, used 102356K [0x0000000080000000, 0x0000000100000000)
  region size 1024K, 8 young (8192K), 6 survivors (6144K)
 Metaspace       used 74308K, committed 75072K, reserved 1179648K
  class space    used 10011K, committed 10368K, reserved 1048576K
}
Event: 10.494 GC heap after
{Heap after GC invocations=45 (full 0):
 garbage-first heap   total 167936K, used 100895K [0x0000000080000000, 0x0000000100000000)
  region size 1024K, 1 young (1024K), 1 survivors (1024K)
 Metaspace       used 74308K, committed 75072K, reserved 1179648K
  class space    used 10011K, committed 10368K, reserved 1048576K
}
Event: 10.936 GC heap before
{Heap before GC invocations=45 (full 0):
 garbage-first heap   total 167936K, used 138783K [0x0000000080000000, 0x0000000100000000)
  region size 1024K, 38 young (38912K), 1 survivors (1024K)
 Metaspace       used 76966K, committed 77760K, reserved 1179648K
  class space    used 10352K, committed 10688K, reserved 1048576K
}
Event: 10.939 GC heap after
{Heap after GC invocations=46 (full 0):
 garbage-first heap   total 167936K, used 102231K [0x0000000080000000, 0x0000000100000000)
  region size 1024K, 2 young (2048K), 2 survivors (2048K)
 Metaspace       used 76966K, committed 77760K, reserved 1179648K
  class space    used 10352K, committed 10688K, reserved 1048576K
}
Event: 11.484 GC heap before
{Heap before GC invocations=47 (full 0):
 garbage-first heap   total 179200K, used 139095K [0x0000000080000000, 0x0000000100000000)
  region size 1024K, 38 young (38912K), 2 survivors (2048K)
 Metaspace       used 81220K, committed 81920K, reserved 1179648K
  class space    used 10957K, committed 11264K, reserved 1048576K
}
Event: 11.487 GC heap after
{Heap after GC invocations=48 (full 0):
 garbage-first heap   total 179200K, used 103383K [0x0000000080000000, 0x0000000100000000)
  region size 1024K, 4 young (4096K), 4 survivors (4096K)
 Metaspace       used 81220K, committed 81920K, reserved 1179648K
  class space    used 10957K, committed 11264K, reserved 1048576K
}
Event: 11.548 GC heap before
{Heap before GC invocations=48 (full 0):
 garbage-first heap   total 179200K, used 107479K [0x0000000080000000, 0x0000000100000000)
  region size 1024K, 8 young (8192K), 4 survivors (4096K)
 Metaspace       used 81419K, committed 82176K, reserved 1179648K
  class space    used 10989K, committed 11328K, reserved 1048576K
}
Event: 11.552 GC heap after
{Heap after GC invocations=49 (full 0):
 garbage-first heap   total 179200K, used 104014K [0x0000000080000000, 0x0000000100000000)
  region size 1024K, 1 young (1024K), 1 survivors (1024K)
 Metaspace       used 81419K, committed 82176K, reserved 1179648K
  class space    used 10989K, committed 11328K, reserved 1048576K
}
Event: 12.010 GC heap before
{Heap before GC invocations=49 (full 0):
 garbage-first heap   total 179200K, used 148046K [0x0000000080000000, 0x0000000100000000)
  region size 1024K, 45 young (46080K), 1 survivors (1024K)
 Metaspace       used 85481K, committed 86272K, reserved 1179648K
  class space    used 11519K, committed 11840K, reserved 1048576K
}

