# JRE version: OpenJDK Runtime Environment (17.0.10) (build 17.0.10+0--11609105)
# Java VM: OpenJDK 64-Bit Server VM (17.0.10+0--11609105, mixed mode, tiered, compressed oops, compressed class ptrs, g1 gc, windows-amd64)
GC Precious Log:
 CPUs: 8 total, 8 available
 Memory: 16273M
 Large Page Support: Disabled
 NUMA Support: Disabled
 Compressed Oops: Enabled (32-bit)
 Heap Region Size: 1M
 Heap Min Capacity: 8M
 Heap Initial Capacity: 256M
 Heap Max Capacity: 2G
 Pre-touch: Disabled
 Parallel Workers: 8
 Concurrent Workers: 2
 Concurrent Refinement Workers: 8
 Periodic GC: Disabled
Heap:
 garbage-first heap   total 344064K, used 281582K [0x0000000080000000, 0x0000000100000000)
  region size 1024K, 3 young (3072K), 3 survivors (3072K)
 Metaspace       used 159358K, committed 160512K, reserved 1245184K
  class space    used 21747K, committed 22272K, reserved 1048576K
GC Heap History (20 events):
Event: 47.082 GC heap after
{Heap after GC invocations=59 (full 0):
 garbage-first heap   total 344064K, used 159339K [0x0000000080000000, 0x0000000100000000)
  region size 1024K, 15 young (15360K), 15 survivors (15360K)
 Metaspace       used 144268K, committed 145216K, reserved 1179648K
  class space    used 19910K, committed 20352K, reserved 1048576K
}
Event: 48.526 GC heap before
{Heap before GC invocations=59 (full 0):
 garbage-first heap   total 344064K, used 299627K [0x0000000080000000, 0x0000000100000000)
  region size 1024K, 140 young (143360K), 15 survivors (15360K)
 Metaspace       used 152064K, committed 153024K, reserved 1245184K
  class space    used 20926K, committed 21376K, reserved 1048576K
}
Event: 48.536 GC heap after
{Heap after GC invocations=60 (full 0):
 garbage-first heap   total 344064K, used 154828K [0x0000000080000000, 0x0000000100000000)
  region size 1024K, 11 young (11264K), 11 survivors (11264K)
 Metaspace       used 152064K, committed 153024K, reserved 1245184K
  class space    used 20926K, committed 21376K, reserved 1048576K
}
Event: 49.439 GC heap before
{Heap before GC invocations=60 (full 0):
 garbage-first heap   total 344064K, used 281804K [0x0000000080000000, 0x0000000100000000)
  region size 1024K, 136 young (139264K), 11 survivors (11264K)
 Metaspace       used 153709K, committed 154752K, reserved 1245184K
  class space    used 21116K, committed 21632K, reserved 1048576K
}
Event: 49.447 GC heap after
{Heap after GC invocations=61 (full 0):
 garbage-first heap   total 344064K, used 155712K [0x0000000080000000, 0x0000000100000000)
  region size 1024K, 9 young (9216K), 9 survivors (9216K)
 Metaspace       used 153709K, committed 154752K, reserved 1245184K
  class space    used 21116K, committed 21632K, reserved 1048576K
}
Event: 107.768 GC heap before
{Heap before GC invocations=61 (full 0):
 garbage-first heap   total 344064K, used 287808K [0x0000000080000000, 0x0000000100000000)
  region size 1024K, 132 young (135168K), 9 survivors (9216K)
 Metaspace       used 154440K, committed 155456K, reserved 1245184K
  class space    used 21199K, committed 21696K, reserved 1048576K
}
Event: 107.775 GC heap after
{Heap after GC invocations=62 (full 0):
 garbage-first heap   total 344064K, used 159920K [0x0000000080000000, 0x0000000100000000)
  region size 1024K, 11 young (11264K), 11 survivors (11264K)
 Metaspace       used 154440K, committed 155456K, reserved 1245184K
  class space    used 21199K, committed 21696K, reserved 1048576K
}
Event: 251.258 GC heap before
{Heap before GC invocations=62 (full 0):
 garbage-first heap   total 344064K, used 284848K [0x0000000080000000, 0x0000000100000000)
  region size 1024K, 134 young (137216K), 11 survivors (11264K)
 Metaspace       used 158053K, committed 159104K, reserved 1245184K
  class space    used 21615K, committed 22144K, reserved 1048576K
}
Event: 251.276 GC heap after
{Heap after GC invocations=63 (full 0):
 garbage-first heap   total 344064K, used 167298K [0x0000000080000000, 0x0000000100000000)
  region size 1024K, 14 young (14336K), 14 survivors (14336K)
 Metaspace       used 158053K, committed 159104K, reserved 1245184K
  class space    used 21615K, committed 22144K, reserved 1048576K
}
Event: 252.138 GC heap before
{Heap before GC invocations=63 (full 0):
 garbage-first heap   total 344064K, used 304514K [0x0000000080000000, 0x0000000100000000)
  region size 1024K, 112 young (114688K), 14 survivors (14336K)
 Metaspace       used 158553K, committed 159616K, reserved 1245184K
  class space    used 21663K, committed 22144K, reserved 1048576K
}
Event: 252.152 GC heap after
{Heap after GC invocations=64 (full 0):
 garbage-first heap   total 344064K, used 179309K [0x0000000080000000, 0x0000000100000000)
  region size 1024K, 9 young (9216K), 9 survivors (9216K)
 Metaspace       used 158553K, committed 159616K, reserved 1245184K
  class space    used 21663K, committed 22144K, reserved 1048576K
}
Event: 252.279 GC heap before
{Heap before GC invocations=64 (full 0):
 garbage-first heap   total 344064K, used 240749K [0x0000000080000000, 0x0000000100000000)
  region size 1024K, 35 young (35840K), 9 survivors (9216K)
 Metaspace       used 158575K, committed 159680K, reserved 1245184K
  class space    used 21663K, committed 22144K, reserved 1048576K
}
Event: 252.286 GC heap after
{Heap after GC invocations=65 (full 0):
 garbage-first heap   total 344064K, used 208748K [0x0000000080000000, 0x0000000100000000)
  region size 1024K, 14 young (14336K), 14 survivors (14336K)
 Metaspace       used 158575K, committed 159680K, reserved 1245184K
  class space    used 21663K, committed 22144K, reserved 1048576K
}
Event: 252.668 GC heap before
{Heap before GC invocations=65 (full 0):
 garbage-first heap   total 344064K, used 290668K [0x0000000080000000, 0x0000000100000000)
  region size 1024K, 86 young (88064K), 14 survivors (14336K)
 Metaspace       used 158840K, committed 159936K, reserved 1245184K
  class space    used 21689K, committed 22208K, reserved 1048576K
}
Event: 252.690 GC heap after
{Heap after GC invocations=66 (full 0):
 garbage-first heap   total 344064K, used 238755K [0x0000000080000000, 0x0000000100000000)
  region size 1024K, 11 young (11264K), 11 survivors (11264K)
 Metaspace       used 158840K, committed 159936K, reserved 1245184K
  class space    used 21689K, committed 22208K, reserved 1048576K
}
Event: 252.796 GC heap before
{Heap before GC invocations=66 (full 0):
 garbage-first heap   total 344064K, used 278691K [0x0000000080000000, 0x0000000100000000)
  region size 1024K, 50 young (51200K), 11 survivors (11264K)
 Metaspace       used 159038K, committed 160128K, reserved 1245184K
  class space    used 21711K, committed 22208K, reserved 1048576K
}
Event: 252.826 GC heap after
{Heap after GC invocations=67 (full 0):
 garbage-first heap   total 344064K, used 257643K [0x0000000080000000, 0x0000000100000000)
  region size 1024K, 7 young (7168K), 7 survivors (7168K)
 Metaspace       used 159038K, committed 160128K, reserved 1245184K
  class space    used 21711K, committed 22208K, reserved 1048576K
}
Event: 252.942 GC heap before
{Heap before GC invocations=67 (full 0):
 garbage-first heap   total 344064K, used 283243K [0x0000000080000000, 0x0000000100000000)
  region size 1024K, 32 young (32768K), 7 survivors (7168K)
 Metaspace       used 159263K, committed 160384K, reserved 1245184K
  class space    used 21739K, committed 22272K, reserved 1048576K
}
Event: 252.961 GC heap after
{Heap after GC invocations=68 (full 0):
 garbage-first heap   total 344064K, used 271442K [0x0000000080000000, 0x0000000100000000)
  region size 1024K, 4 young (4096K), 4 survivors (4096K)
 Metaspace       used 159263K, committed 160384K, reserved 1245184K
  class space    used 21739K, committed 22272K, reserved 1048576K
}
Event: 253.033 GC heap before
{Heap before GC invocations=68 (full 0):
 garbage-first heap   total 344064K, used 288850K [0x0000000080000000, 0x0000000100000000)
  region size 1024K, 22 young (22528K), 4 survivors (4096K)
 Metaspace       used 159358K, committed 160512K, reserved 1245184K
  class space    used 21747K, committed 22272K, reserved 1048576K
}

