# JRE version: OpenJDK Runtime Environment (17.0.10) (build 17.0.10+0--11609105)
# Java VM: OpenJDK 64-Bit Server VM (17.0.10+0--11609105, mixed mode, tiered, compressed oops, compressed class ptrs, g1 gc, windows-amd64)
GC Precious Log:
 CPUs: 8 total, 8 available
 Memory: 16273M
 Large Page Support: Disabled
 NUMA Support: Disabled
 Compressed Oops: Enabled (32-bit)
 Heap Region Size: 1M
 Heap Min Capacity: 8M
 Heap Initial Capacity: 256M
 Heap Max Capacity: 2G
 Pre-touch: Disabled
 Parallel Workers: 8
 Concurrent Workers: 2
 Concurrent Refinement Workers: 8
 Periodic GC: Disabled
Heap:
 garbage-first heap   total 211968K, used 106686K [0x0000000080000000, 0x0000000100000000)
  region size 1024K, 3 young (3072K), 3 survivors (3072K)
 Metaspace       used 101839K, committed 102464K, reserved 1179648K
  class space    used 13861K, committed 14144K, reserved 1048576K
GC Heap History (20 events):
Event: 7.678 GC heap after
{Heap after GC invocations=20 (full 0):
 garbage-first heap   total 180224K, used 46744K [0x0000000080000000, 0x0000000100000000)
  region size 1024K, 2 young (2048K), 2 survivors (2048K)
 Metaspace       used 60452K, committed 60992K, reserved 1114112K
  class space    used 8336K, committed 8576K, reserved 1048576K
}
Event: 8.867 GC heap before
{Heap before GC invocations=21 (full 0):
 garbage-first heap   total 167936K, used 148120K [0x0000000080000000, 0x0000000100000000)
  region size 1024K, 94 young (96256K), 2 survivors (2048K)
 Metaspace       used 69734K, committed 70336K, reserved 1114112K
  class space    used 9847K, committed 10112K, reserved 1048576K
}
Event: 8.871 GC heap after
{Heap after GC invocations=22 (full 0):
 garbage-first heap   total 167936K, used 60501K [0x0000000080000000, 0x0000000100000000)
  region size 1024K, 9 young (9216K), 9 survivors (9216K)
 Metaspace       used 69734K, committed 70336K, reserved 1114112K
  class space    used 9847K, committed 10112K, reserved 1048576K
}
Event: 8.881 GC heap before
{Heap before GC invocations=22 (full 0):
 garbage-first heap   total 167936K, used 60501K [0x0000000080000000, 0x0000000100000000)
  region size 1024K, 10 young (10240K), 9 survivors (9216K)
 Metaspace       used 69807K, committed 70400K, reserved 1114112K
  class space    used 9857K, committed 10112K, reserved 1048576K
}
Event: 8.884 GC heap after
{Heap after GC invocations=23 (full 0):
 garbage-first heap   total 167936K, used 60015K [0x0000000080000000, 0x0000000100000000)
  region size 1024K, 1 young (1024K), 1 survivors (1024K)
 Metaspace       used 69807K, committed 70400K, reserved 1114112K
  class space    used 9857K, committed 10112K, reserved 1048576K
}
Event: 9.743 GC heap before
{Heap before GC invocations=23 (full 0):
 garbage-first heap   total 167936K, used 132719K [0x0000000080000000, 0x0000000100000000)
  region size 1024K, 67 young (68608K), 1 survivors (1024K)
 Metaspace       used 76055K, committed 76672K, reserved 1179648K
  class space    used 10661K, committed 10944K, reserved 1048576K
}
Event: 9.747 GC heap after
{Heap after GC invocations=24 (full 0):
 garbage-first heap   total 167936K, used 65717K [0x0000000080000000, 0x0000000100000000)
  region size 1024K, 6 young (6144K), 6 survivors (6144K)
 Metaspace       used 76055K, committed 76672K, reserved 1179648K
  class space    used 10661K, committed 10944K, reserved 1048576K
}
Event: 10.504 GC heap before
{Heap before GC invocations=24 (full 0):
 garbage-first heap   total 167936K, used 131253K [0x0000000080000000, 0x0000000100000000)
  region size 1024K, 70 young (71680K), 6 survivors (6144K)
 Metaspace       used 81872K, committed 82560K, reserved 1179648K
  class space    used 11452K, committed 11776K, reserved 1048576K
}
Event: 10.509 GC heap after
{Heap after GC invocations=25 (full 0):
 garbage-first heap   total 167936K, used 68852K [0x0000000080000000, 0x0000000100000000)
  region size 1024K, 4 young (4096K), 4 survivors (4096K)
 Metaspace       used 81872K, committed 82560K, reserved 1179648K
  class space    used 11452K, committed 11776K, reserved 1048576K
}
Event: 11.430 GC heap before
{Heap before GC invocations=25 (full 0):
 garbage-first heap   total 167936K, used 134388K [0x0000000080000000, 0x0000000100000000)
  region size 1024K, 68 young (69632K), 4 survivors (4096K)
 Metaspace       used 88428K, committed 89088K, reserved 1179648K
  class space    used 12294K, committed 12608K, reserved 1048576K
}
Event: 11.435 GC heap after
{Heap after GC invocations=26 (full 0):
 garbage-first heap   total 167936K, used 72929K [0x0000000080000000, 0x0000000100000000)
  region size 1024K, 8 young (8192K), 8 survivors (8192K)
 Metaspace       used 88428K, committed 89088K, reserved 1179648K
  class space    used 12294K, committed 12608K, reserved 1048576K
}
Event: 12.048 GC heap before
{Heap before GC invocations=26 (full 0):
 garbage-first heap   total 167936K, used 142561K [0x0000000080000000, 0x0000000100000000)
  region size 1024K, 69 young (70656K), 8 survivors (8192K)
 Metaspace       used 93717K, committed 94464K, reserved 1179648K
  class space    used 12953K, committed 13248K, reserved 1048576K
}
Event: 12.058 GC heap after
{Heap after GC invocations=27 (full 0):
 garbage-first heap   total 167936K, used 89557K [0x0000000080000000, 0x0000000100000000)
  region size 1024K, 9 young (9216K), 9 survivors (9216K)
 Metaspace       used 93717K, committed 94464K, reserved 1179648K
  class space    used 12953K, committed 13248K, reserved 1048576K
}
Event: 12.285 GC heap before
{Heap before GC invocations=27 (full 0):
 garbage-first heap   total 167936K, used 132565K [0x0000000080000000, 0x0000000100000000)
  region size 1024K, 51 young (52224K), 9 survivors (9216K)
 Metaspace       used 94113K, committed 94784K, reserved 1179648K
  class space    used 12994K, committed 13312K, reserved 1048576K
}
Event: 12.297 GC heap after
{Heap after GC invocations=28 (full 0):
 garbage-first heap   total 167936K, used 93447K [0x0000000080000000, 0x0000000100000000)
  region size 1024K, 7 young (7168K), 7 survivors (7168K)
 Metaspace       used 94113K, committed 94784K, reserved 1179648K
  class space    used 12994K, committed 13312K, reserved 1048576K
}
Event: 12.738 GC heap before
{Heap before GC invocations=29 (full 0):
 garbage-first heap   total 167936K, used 137479K [0x0000000080000000, 0x0000000100000000)
  region size 1024K, 43 young (44032K), 7 survivors (7168K)
 Metaspace       used 98071K, committed 98688K, reserved 1179648K
  class space    used 13481K, committed 13760K, reserved 1048576K
}
Event: 12.744 GC heap after
{Heap after GC invocations=30 (full 0):
 garbage-first heap   total 167936K, used 105079K [0x0000000080000000, 0x0000000100000000)
  region size 1024K, 4 young (4096K), 4 survivors (4096K)
 Metaspace       used 98071K, committed 98688K, reserved 1179648K
  class space    used 13481K, committed 13760K, reserved 1048576K
}
Event: 12.791 GC heap before
{Heap before GC invocations=30 (full 0):
 garbage-first heap   total 167936K, used 108151K [0x0000000080000000, 0x0000000100000000)
  region size 1024K, 8 young (8192K), 4 survivors (4096K)
 Metaspace       used 98514K, committed 99136K, reserved 1179648K
  class space    used 13529K, committed 13824K, reserved 1048576K
}
Event: 12.793 GC heap after
{Heap after GC invocations=31 (full 0):
 garbage-first heap   total 167936K, used 105570K [0x0000000080000000, 0x0000000100000000)
  region size 1024K, 1 young (1024K), 1 survivors (1024K)
 Metaspace       used 98514K, committed 99136K, reserved 1179648K
  class space    used 13529K, committed 13824K, reserved 1048576K
}
Event: 13.165 GC heap before
{Heap before GC invocations=31 (full 0):
 garbage-first heap   total 167936K, used 135266K [0x0000000080000000, 0x0000000100000000)
  region size 1024K, 30 young (30720K), 1 survivors (1024K)
 Metaspace       used 101839K, committed 102464K, reserved 1179648K
  class space    used 13861K, committed 14144K, reserved 1048576K
}

