# JRE version: OpenJDK Runtime Environment (17.0.10) (build 17.0.10+0--11609105)
# Java VM: OpenJDK 64-Bit Server VM (17.0.10+0--11609105, mixed mode, tiered, compressed oops, compressed class ptrs, g1 gc, windows-amd64)
GC Precious Log:
 CPUs: 8 total, 8 available
 Memory: 16273M
 Large Page Support: Disabled
 NUMA Support: Disabled
 Compressed Oops: Enabled (32-bit)
 Heap Region Size: 1M
 Heap Min Capacity: 8M
 Heap Initial Capacity: 256M
 Heap Max Capacity: 2G
 Pre-touch: Disabled
 Parallel Workers: 8
 Concurrent Workers: 2
 Concurrent Refinement Workers: 8
 Periodic GC: Disabled
Heap:
 garbage-first heap   total 455680K, used 243981K [0x0000000080000000, 0x0000000100000000)
  region size 1024K, 3 young (3072K), 3 survivors (3072K)
 Metaspace       used 115593K, committed 116352K, reserved 1179648K
  class space    used 15982K, committed 16320K, reserved 1048576K
GC Heap History (20 events):
Event: 16.924 GC heap after
{Heap after GC invocations=53 (full 0):
 garbage-first heap   total 202752K, used 128096K [0x0000000080000000, 0x0000000100000000)
  region size 1024K, 4 young (4096K), 4 survivors (4096K)
 Metaspace       used 105869K, committed 106624K, reserved 1179648K
  class space    used 14435K, committed 14784K, reserved 1048576K
}
Event: 17.288 GC heap before
{Heap before GC invocations=53 (full 0):
 garbage-first heap   total 202752K, used 173152K [0x0000000080000000, 0x0000000100000000)
  region size 1024K, 42 young (43008K), 4 survivors (4096K)
 Metaspace       used 107605K, committed 108352K, reserved 1179648K
  class space    used 14688K, committed 15040K, reserved 1048576K
}
Event: 17.295 GC heap after
{Heap after GC invocations=54 (full 0):
 garbage-first heap   total 243712K, used 137071K [0x0000000080000000, 0x0000000100000000)
  region size 1024K, 6 young (6144K), 6 survivors (6144K)
 Metaspace       used 107605K, committed 108352K, reserved 1179648K
  class space    used 14688K, committed 15040K, reserved 1048576K
}
Event: 17.655 GC heap before
{Heap before GC invocations=54 (full 0):
 garbage-first heap   total 243712K, used 215919K [0x0000000080000000, 0x0000000100000000)
  region size 1024K, 67 young (68608K), 6 survivors (6144K)
 Metaspace       used 107736K, committed 108544K, reserved 1179648K
  class space    used 14699K, committed 15104K, reserved 1048576K
}
Event: 17.672 GC heap after
{Heap after GC invocations=55 (full 0):
 garbage-first heap   total 243712K, used 163257K [0x0000000080000000, 0x0000000100000000)
  region size 1024K, 9 young (9216K), 9 survivors (9216K)
 Metaspace       used 107736K, committed 108544K, reserved 1179648K
  class space    used 14699K, committed 15104K, reserved 1048576K
}
Event: 17.818 GC heap before
{Heap before GC invocations=55 (full 0):
 garbage-first heap   total 243712K, used 199097K [0x0000000080000000, 0x0000000100000000)
  region size 1024K, 43 young (44032K), 9 survivors (9216K)
 Metaspace       used 107741K, committed 108544K, reserved 1179648K
  class space    used 14699K, committed 15104K, reserved 1048576K
}
Event: 17.838 GC heap after
{Heap after GC invocations=56 (full 0):
 garbage-first heap   total 243712K, used 176948K [0x0000000080000000, 0x0000000100000000)
  region size 1024K, 6 young (6144K), 6 survivors (6144K)
 Metaspace       used 107741K, committed 108544K, reserved 1179648K
  class space    used 14699K, committed 15104K, reserved 1048576K
}
Event: 17.966 GC heap before
{Heap before GC invocations=56 (full 0):
 garbage-first heap   total 243712K, used 200500K [0x0000000080000000, 0x0000000100000000)
  region size 1024K, 30 young (30720K), 6 survivors (6144K)
 Metaspace       used 108900K, committed 109696K, reserved 1179648K
  class space    used 14943K, committed 15296K, reserved 1048576K
}
Event: 17.980 GC heap after
{Heap after GC invocations=57 (full 0):
 garbage-first heap   total 243712K, used 182272K [0x0000000080000000, 0x0000000100000000)
  region size 1024K, 4 young (4096K), 4 survivors (4096K)
 Metaspace       used 108900K, committed 109696K, reserved 1179648K
  class space    used 14943K, committed 15296K, reserved 1048576K
}
Event: 18.127 GC heap before
{Heap before GC invocations=57 (full 0):
 garbage-first heap   total 243712K, used 203776K [0x0000000080000000, 0x0000000100000000)
  region size 1024K, 26 young (26624K), 4 survivors (4096K)
 Metaspace       used 110631K, committed 111360K, reserved 1179648K
  class space    used 15329K, committed 15680K, reserved 1048576K
}
Event: 18.139 GC heap after
{Heap after GC invocations=58 (full 0):
 garbage-first heap   total 410624K, used 185672K [0x0000000080000000, 0x0000000100000000)
  region size 1024K, 3 young (3072K), 3 survivors (3072K)
 Metaspace       used 110631K, committed 111360K, reserved 1179648K
  class space    used 15329K, committed 15680K, reserved 1048576K
}
Event: 18.524 GC heap before
{Heap before GC invocations=58 (full 0):
 garbage-first heap   total 410624K, used 295240K [0x0000000080000000, 0x0000000100000000)
  region size 1024K, 111 young (113664K), 3 survivors (3072K)
 Metaspace       used 111134K, committed 111936K, reserved 1179648K
  class space    used 15366K, committed 15744K, reserved 1048576K
}
Event: 18.570 GC heap after
{Heap after GC invocations=59 (full 0):
 garbage-first heap   total 410624K, used 233822K [0x0000000080000000, 0x0000000100000000)
  region size 1024K, 14 young (14336K), 14 survivors (14336K)
 Metaspace       used 111134K, committed 111936K, reserved 1179648K
  class space    used 15366K, committed 15744K, reserved 1048576K
}
Event: 18.742 GC heap before
{Heap before GC invocations=59 (full 0):
 garbage-first heap   total 410624K, used 303454K [0x0000000080000000, 0x0000000100000000)
  region size 1024K, 82 young (83968K), 14 survivors (14336K)
 Metaspace       used 111244K, committed 112000K, reserved 1179648K
  class space    used 15369K, committed 15744K, reserved 1048576K
}
Event: 18.776 GC heap after
{Heap after GC invocations=60 (full 0):
 garbage-first heap   total 410624K, used 256000K [0x0000000080000000, 0x0000000100000000)
  region size 1024K, 11 young (11264K), 11 survivors (11264K)
 Metaspace       used 111244K, committed 112000K, reserved 1179648K
  class space    used 15369K, committed 15744K, reserved 1048576K
}
Event: 18.791 GC heap before
{Heap before GC invocations=60 (full 0):
 garbage-first heap   total 410624K, used 260096K [0x0000000080000000, 0x0000000100000000)
  region size 1024K, 16 young (16384K), 11 survivors (11264K)
 Metaspace       used 111344K, committed 112128K, reserved 1179648K
  class space    used 15379K, committed 15744K, reserved 1048576K
}
Event: 18.809 GC heap after
{Heap after GC invocations=61 (full 0):
 garbage-first heap   total 410624K, used 259584K [0x0000000080000000, 0x0000000100000000)
  region size 1024K, 2 young (2048K), 2 survivors (2048K)
 Metaspace       used 111344K, committed 112128K, reserved 1179648K
  class space    used 15379K, committed 15744K, reserved 1048576K
}
Event: 19.545 GC heap before
{Heap before GC invocations=62 (full 0):
 garbage-first heap   total 455680K, used 309760K [0x0000000080000000, 0x0000000100000000)
  region size 1024K, 63 young (64512K), 2 survivors (2048K)
 Metaspace       used 115119K, committed 115904K, reserved 1179648K
  class space    used 15916K, committed 16256K, reserved 1048576K
}
Event: 19.553 GC heap after
{Heap after GC invocations=63 (full 0):
 garbage-first heap   total 455680K, used 247078K [0x0000000080000000, 0x0000000100000000)
  region size 1024K, 3 young (3072K), 3 survivors (3072K)
 Metaspace       used 115119K, committed 115904K, reserved 1179648K
  class space    used 15916K, committed 16256K, reserved 1048576K
}
Event: 19.655 GC heap before
{Heap before GC invocations=63 (full 0):
 garbage-first heap   total 455680K, used 265510K [0x0000000080000000, 0x0000000100000000)
  region size 1024K, 22 young (22528K), 3 survivors (3072K)
 Metaspace       used 115593K, committed 116352K, reserved 1179648K
  class space    used 15982K, committed 16320K, reserved 1048576K
}

