# JRE version: OpenJDK Runtime Environment (17.0.10) (build 17.0.10+0--11609105)
# Java VM: OpenJDK 64-Bit Server VM (17.0.10+0--11609105, mixed mode, tiered, compressed oops, compressed class ptrs, g1 gc, windows-amd64)
GC Precious Log:
 CPUs: 8 total, 8 available
 Memory: 16273M
 Large Page Support: Disabled
 NUMA Support: Disabled
 Compressed Oops: Enabled (32-bit)
 Heap Region Size: 1M
 Heap Min Capacity: 8M
 Heap Initial Capacity: 256M
 Heap Max Capacity: 2G
 Pre-touch: Disabled
 Parallel Workers: 8
 Concurrent Workers: 2
 Concurrent Refinement Workers: 8
 Periodic GC: Disabled
Heap:
 garbage-first heap   total 357376K, used 269160K [0x0000000080000000, 0x0000000100000000)
  region size 1024K, 4 young (4096K), 4 survivors (4096K)
 Metaspace       used 146933K, committed 147904K, reserved 1179648K
  class space    used 19503K, committed 19968K, reserved 1048576K
GC Heap History (20 events):
Event: 27.305 GC heap after
{Heap after GC invocations=67 (full 0):
 garbage-first heap   total 219136K, used 121762K [0x0000000080000000, 0x0000000100000000)
  region size 1024K, 7 young (7168K), 7 survivors (7168K)
 Metaspace       used 116167K, committed 116992K, reserved 1179648K
  class space    used 15515K, committed 15872K, reserved 1048576K
}
Event: 27.581 GC heap before
{Heap before GC invocations=67 (full 0):
 garbage-first heap   total 219136K, used 199586K [0x0000000080000000, 0x0000000100000000)
  region size 1024K, 71 young (72704K), 7 survivors (7168K)
 Metaspace       used 118490K, committed 119360K, reserved 1179648K
  class space    used 15740K, committed 16128K, reserved 1048576K
}
Event: 27.588 GC heap after
{Heap after GC invocations=68 (full 0):
 garbage-first heap   total 219136K, used 136425K [0x0000000080000000, 0x0000000100000000)
  region size 1024K, 5 young (5120K), 5 survivors (5120K)
 Metaspace       used 118490K, committed 119360K, reserved 1179648K
  class space    used 15740K, committed 16128K, reserved 1048576K
}
Event: 27.805 GC heap before
{Heap before GC invocations=68 (full 0):
 garbage-first heap   total 219136K, used 186601K [0x0000000080000000, 0x0000000100000000)
  region size 1024K, 55 young (56320K), 5 survivors (5120K)
 Metaspace       used 121279K, committed 122176K, reserved 1179648K
  class space    used 16092K, committed 16512K, reserved 1048576K
}
Event: 27.810 GC heap after
{Heap after GC invocations=69 (full 0):
 garbage-first heap   total 219136K, used 138796K [0x0000000080000000, 0x0000000100000000)
  region size 1024K, 5 young (5120K), 5 survivors (5120K)
 Metaspace       used 121279K, committed 122176K, reserved 1179648K
  class space    used 16092K, committed 16512K, reserved 1048576K
}
Event: 28.180 GC heap before
{Heap before GC invocations=70 (full 0):
 garbage-first heap   total 254976K, used 180780K [0x0000000080000000, 0x0000000100000000)
  region size 1024K, 49 young (50176K), 5 survivors (5120K)
 Metaspace       used 125727K, committed 126592K, reserved 1179648K
  class space    used 16669K, committed 17024K, reserved 1048576K
}
Event: 28.187 GC heap after
{Heap after GC invocations=71 (full 0):
 garbage-first heap   total 254976K, used 140564K [0x0000000080000000, 0x0000000100000000)
  region size 1024K, 5 young (5120K), 5 survivors (5120K)
 Metaspace       used 125727K, committed 126592K, reserved 1179648K
  class space    used 16669K, committed 17024K, reserved 1048576K
}
Event: 28.251 GC heap before
{Heap before GC invocations=71 (full 0):
 garbage-first heap   total 254976K, used 146708K [0x0000000080000000, 0x0000000100000000)
  region size 1024K, 12 young (12288K), 5 survivors (5120K)
 Metaspace       used 126747K, committed 127680K, reserved 1179648K
  class space    used 16803K, committed 17280K, reserved 1048576K
}
Event: 28.255 GC heap after
{Heap after GC invocations=72 (full 0):
 garbage-first heap   total 254976K, used 139222K [0x0000000080000000, 0x0000000100000000)
  region size 1024K, 1 young (1024K), 1 survivors (1024K)
 Metaspace       used 126747K, committed 127680K, reserved 1179648K
  class space    used 16803K, committed 17280K, reserved 1048576K
}
Event: 28.617 GC heap before
{Heap before GC invocations=72 (full 0):
 garbage-first heap   total 254976K, used 242646K [0x0000000080000000, 0x0000000100000000)
  region size 1024K, 67 young (68608K), 1 survivors (1024K)
 Metaspace       used 131027K, committed 132032K, reserved 1179648K
  class space    used 17250K, committed 17728K, reserved 1048576K
}
Event: 28.635 GC heap after
{Heap after GC invocations=73 (full 0):
 garbage-first heap   total 265216K, used 173315K [0x0000000080000000, 0x0000000100000000)
  region size 1024K, 9 young (9216K), 9 survivors (9216K)
 Metaspace       used 131027K, committed 132032K, reserved 1179648K
  class space    used 17250K, committed 17728K, reserved 1048576K
}
Event: 28.939 GC heap before
{Heap before GC invocations=73 (full 0):
 garbage-first heap   total 265216K, used 218371K [0x0000000080000000, 0x0000000100000000)
  region size 1024K, 53 young (54272K), 9 survivors (9216K)
 Metaspace       used 135869K, committed 136832K, reserved 1179648K
  class space    used 18090K, committed 18560K, reserved 1048576K
}
Event: 28.963 GC heap after
{Heap after GC invocations=74 (full 0):
 garbage-first heap   total 357376K, used 182099K [0x0000000080000000, 0x0000000100000000)
  region size 1024K, 7 young (7168K), 7 survivors (7168K)
 Metaspace       used 135869K, committed 136832K, reserved 1179648K
  class space    used 18090K, committed 18560K, reserved 1048576K
}
Event: 29.448 GC heap before
{Heap before GC invocations=74 (full 0):
 garbage-first heap   total 357376K, used 276307K [0x0000000080000000, 0x0000000100000000)
  region size 1024K, 100 young (102400K), 7 survivors (7168K)
 Metaspace       used 140540K, committed 141504K, reserved 1179648K
  class space    used 18676K, committed 19136K, reserved 1048576K
}
Event: 29.489 GC heap after
{Heap after GC invocations=75 (full 0):
 garbage-first heap   total 357376K, used 220131K [0x0000000080000000, 0x0000000100000000)
  region size 1024K, 13 young (13312K), 13 survivors (13312K)
 Metaspace       used 140540K, committed 141504K, reserved 1179648K
  class space    used 18676K, committed 19136K, reserved 1048576K
}
Event: 29.676 GC heap before
{Heap before GC invocations=75 (full 0):
 garbage-first heap   total 357376K, used 279523K [0x0000000080000000, 0x0000000100000000)
  region size 1024K, 70 young (71680K), 13 survivors (13312K)
 Metaspace       used 142151K, committed 143104K, reserved 1179648K
  class space    used 18897K, committed 19328K, reserved 1048576K
}
Event: 29.707 GC heap after
{Heap after GC invocations=76 (full 0):
 garbage-first heap   total 357376K, used 250368K [0x0000000080000000, 0x0000000100000000)
  region size 1024K, 9 young (9216K), 9 survivors (9216K)
 Metaspace       used 142151K, committed 143104K, reserved 1179648K
  class space    used 18897K, committed 19328K, reserved 1048576K
}
Event: 29.984 GC heap before
{Heap before GC invocations=76 (full 0):
 garbage-first heap   total 357376K, used 288256K [0x0000000080000000, 0x0000000100000000)
  region size 1024K, 45 young (46080K), 9 survivors (9216K)
 Metaspace       used 144241K, committed 145216K, reserved 1179648K
  class space    used 19149K, committed 19584K, reserved 1048576K
}
Event: 30.000 GC heap after
{Heap after GC invocations=77 (full 0):
 garbage-first heap   total 357376K, used 263680K [0x0000000080000000, 0x0000000100000000)
  region size 1024K, 6 young (6144K), 6 survivors (6144K)
 Metaspace       used 144241K, committed 145216K, reserved 1179648K
  class space    used 19149K, committed 19584K, reserved 1048576K
}
Event: 30.207 GC heap before
{Heap before GC invocations=77 (full 0):
 garbage-first heap   total 357376K, used 294400K [0x0000000080000000, 0x0000000100000000)
  region size 1024K, 37 young (37888K), 6 survivors (6144K)
 Metaspace       used 146933K, committed 147904K, reserved 1179648K
  class space    used 19503K, committed 19968K, reserved 1048576K
}

